[0.009s] Invoking command in '/home/shuma/ros2_ws/src/person_msgs/build/person_msgs': CMAKE_PREFIX_PATH=/home/shuma/ros2_ws/install/mypkg:/opt/ros/humble /usr/bin/cmake /home/shuma/ros2_ws/src/person_msgs -DCMAKE_INSTALL_PREFIX=/home/shuma/ros2_ws/src/person_msgs/install/person_msgs
[0.117s] -- The C compiler identification is GNU 11.3.0
[0.487s] -- The CXX compiler identification is GNU 11.3.0
[0.800s] -- Detecting C compiler ABI info
[0.913s] -- Detecting C compiler ABI info - done
[0.918s] -- Check for working C compiler: /usr/bin/cc - skipped
[0.918s] -- Detecting C compile features
[0.918s] -- Detecting C compile features - done
[0.920s] -- Detecting CXX compiler ABI info
[1.021s] -- Detecting CXX compiler ABI info - done
[1.026s] -- Check for working CXX compiler: /usr/bin/c++ - skipped
[1.026s] -- Detecting CXX compile features
[1.027s] -- Detecting CXX compile features - done
[1.028s] -- Found ament_cmake: 1.3.2 (/opt/ros/humble/share/ament_cmake/cmake)
[1.142s] -- Found Python3: /usr/bin/python3.10 (found version "3.10.6") found components: Interpreter 
[1.199s] -- Found rosidl_default_generators: 1.2.0 (/opt/ros/humble/share/rosidl_default_generators/cmake)
[1.205s] -- Using all available rosidl_typesupport_c: rosidl_typesupport_fastrtps_c;rosidl_typesupport_introspection_c
[1.217s] -- Found rosidl_adapter: 3.1.3 (/opt/ros/humble/share/rosidl_adapter/cmake)
[1.369s] -- Using all available rosidl_typesupport_cpp: rosidl_typesupport_fastrtps_cpp;rosidl_typesupport_introspection_cpp
[1.585s] [31mCMake Error at /opt/ros/humble/share/rosidl_adapter/cmake/rosidl_adapt_interfaces.cmake:59 (message):
[1.585s]   execute_process(/usr/bin/python3.10 -m rosidl_adapter --package-name
[1.585s]   person_msgs --arguments-file
[1.585s]   /home/shuma/ros2_ws/src/person_msgs/build/person_msgs/rosidl_adapter__arguments__person_msgs.json
[1.585s]   --output-dir
[1.585s]   /home/shuma/ros2_ws/src/person_msgs/build/person_msgs/rosidl_adapter/person_msgs
[1.585s]   --output-file
[1.585s]   /home/shuma/ros2_ws/src/person_msgs/build/person_msgs/rosidl_adapter/person_msgs.idls)
[1.585s]   returned error code 1:
[1.585s] 
[1.585s]   Error processing 'uint age' of 'person_msgs/Person': ''uint' is an invalid
[1.585s]   message name.  It should have the pattern '^[A-Z][A-Za-z0-9]*$''
[1.585s] 
[1.585s]   Traceback (most recent call last):
[1.585s] 
[1.585s]     File "/usr/lib/python3.10/runpy.py", line 196, in _run_module_as_main
[1.585s]       return _run_code(code, main_globals, None,
[1.585s]     File "/usr/lib/python3.10/runpy.py", line 86, in _run_code
[1.585s]       exec(code, run_globals)
[1.586s]     File "/opt/ros/humble/local/lib/python3.10/dist-packages/rosidl_adapter/__main__.py", line 19, in <module>
[1.586s]       sys.exit(main())
[1.586s]     File "/opt/ros/humble/local/lib/python3.10/dist-packages/rosidl_adapter/main.py", line 53, in main
[1.586s]       abs_idl_file = convert_to_idl(
[1.586s]     File "/opt/ros/humble/local/lib/python3.10/dist-packages/rosidl_adapter/__init__.py", line 19, in convert_to_idl
[1.586s]       return convert_msg_to_idl(
[1.586s]     File "/opt/ros/humble/local/lib/python3.10/dist-packages/rosidl_adapter/msg/__init__.py", line 28, in convert_msg_to_idl
[1.586s]       msg = parse_message_string(package_name, input_file.stem, content)
[1.586s]     File "/opt/ros/humble/local/lib/python3.10/dist-packages/rosidl_adapter/parser.py", line 520, in parse_message_string
[1.586s]       Type(type_string, context_package_name=pkg_name),
[1.586s]     File "/opt/ros/humble/local/lib/python3.10/dist-packages/rosidl_adapter/parser.py", line 277, in __init__
[1.586s]       super(Type, self).__init__(
[1.586s]     File "/opt/ros/humble/local/lib/python3.10/dist-packages/rosidl_adapter/parser.py", line 205, in __init__
[1.586s]       raise InvalidResourceName(
[1.586s] 
[1.586s]   rosidl_adapter.parser.InvalidResourceName: 'uint' is an invalid message
[1.586s]   name.  It should have the pattern '^[A-Z][A-Za-z0-9]*$'
[1.586s] 
[1.586s] Call Stack (most recent call first):
[1.586s]   /opt/ros/humble/share/rosidl_cmake/cmake/rosidl_generate_interfaces.cmake:130 (rosidl_adapt_interfaces)
[1.586s]   CMakeLists.txt:11 (rosidl_generate_interfaces)
[1.586s] 
[1.586s] [0m
[1.586s] -- Configuring incomplete, errors occurred!
[1.586s] See also "/home/shuma/ros2_ws/src/person_msgs/build/person_msgs/CMakeFiles/CMakeOutput.log".
[1.591s] Invoked command in '/home/shuma/ros2_ws/src/person_msgs/build/person_msgs' returned '1': CMAKE_PREFIX_PATH=/home/shuma/ros2_ws/install/mypkg:/opt/ros/humble /usr/bin/cmake /home/shuma/ros2_ws/src/person_msgs -DCMAKE_INSTALL_PREFIX=/home/shuma/ros2_ws/src/person_msgs/install/person_msgs
